{"/Users/norman/development/2018/dec/fns/lib/errors.js": {"path":"/Users/norman/development/2018/dec/fns/lib/errors.js","statementMap":{"0":{"start":{"line":4,"column":2},"end":{"line":9,"column":3}},"1":{"start":{"line":5,"column":4},"end":{"line":5,"column":16}},"2":{"start":{"line":7,"column":20},"end":{"line":7,"column":44}},"3":{"start":{"line":8,"column":4},"end":{"line":8,"column":63}},"4":{"start":{"line":20,"column":4},"end":{"line":20,"column":19}},"5":{"start":{"line":21,"column":4},"end":{"line":21,"column":28}},"6":{"start":{"line":22,"column":4},"end":{"line":22,"column":22}},"7":{"start":{"line":23,"column":4},"end":{"line":27,"column":5}},"8":{"start":{"line":24,"column":6},"end":{"line":26,"column":7}},"9":{"start":{"line":25,"column":8},"end":{"line":25,"column":30}},"10":{"start":{"line":28,"column":4},"end":{"line":28,"column":45}},"11":{"start":{"line":40,"column":4},"end":{"line":40,"column":25}},"12":{"start":{"line":41,"column":4},"end":{"line":41,"column":28}},"13":{"start":{"line":42,"column":4},"end":{"line":42,"column":22}},"14":{"start":{"line":43,"column":4},"end":{"line":47,"column":5}},"15":{"start":{"line":44,"column":6},"end":{"line":46,"column":7}},"16":{"start":{"line":45,"column":8},"end":{"line":45,"column":30}},"17":{"start":{"line":48,"column":4},"end":{"line":48,"column":45}},"18":{"start":{"line":61,"column":4},"end":{"line":61,"column":25}},"19":{"start":{"line":62,"column":4},"end":{"line":62,"column":34}},"20":{"start":{"line":63,"column":4},"end":{"line":63,"column":22}},"21":{"start":{"line":64,"column":4},"end":{"line":68,"column":5}},"22":{"start":{"line":65,"column":6},"end":{"line":67,"column":7}},"23":{"start":{"line":66,"column":8},"end":{"line":66,"column":30}},"24":{"start":{"line":69,"column":4},"end":{"line":69,"column":51}},"25":{"start":{"line":81,"column":4},"end":{"line":81,"column":25}},"26":{"start":{"line":82,"column":4},"end":{"line":82,"column":34}},"27":{"start":{"line":83,"column":4},"end":{"line":83,"column":22}},"28":{"start":{"line":84,"column":4},"end":{"line":88,"column":5}},"29":{"start":{"line":85,"column":6},"end":{"line":87,"column":7}},"30":{"start":{"line":86,"column":8},"end":{"line":86,"column":30}},"31":{"start":{"line":89,"column":4},"end":{"line":89,"column":51}},"32":{"start":{"line":101,"column":4},"end":{"line":101,"column":25}},"33":{"start":{"line":102,"column":4},"end":{"line":102,"column":32}},"34":{"start":{"line":103,"column":4},"end":{"line":103,"column":22}},"35":{"start":{"line":104,"column":4},"end":{"line":108,"column":5}},"36":{"start":{"line":105,"column":6},"end":{"line":107,"column":7}},"37":{"start":{"line":106,"column":8},"end":{"line":106,"column":30}},"38":{"start":{"line":109,"column":4},"end":{"line":109,"column":49}},"39":{"start":{"line":122,"column":4},"end":{"line":122,"column":25}},"40":{"start":{"line":123,"column":4},"end":{"line":123,"column":32}},"41":{"start":{"line":124,"column":4},"end":{"line":124,"column":22}},"42":{"start":{"line":125,"column":4},"end":{"line":129,"column":5}},"43":{"start":{"line":126,"column":6},"end":{"line":128,"column":7}},"44":{"start":{"line":127,"column":8},"end":{"line":127,"column":30}},"45":{"start":{"line":130,"column":4},"end":{"line":130,"column":49}},"46":{"start":{"line":143,"column":4},"end":{"line":143,"column":25}},"47":{"start":{"line":144,"column":4},"end":{"line":144,"column":32}},"48":{"start":{"line":145,"column":4},"end":{"line":145,"column":22}},"49":{"start":{"line":146,"column":4},"end":{"line":150,"column":5}},"50":{"start":{"line":147,"column":6},"end":{"line":149,"column":7}},"51":{"start":{"line":148,"column":8},"end":{"line":148,"column":30}},"52":{"start":{"line":151,"column":4},"end":{"line":151,"column":49}},"53":{"start":{"line":155,"column":0},"end":{"line":155,"column":37}},"54":{"start":{"line":156,"column":0},"end":{"line":156,"column":37}},"55":{"start":{"line":157,"column":0},"end":{"line":157,"column":49}},"56":{"start":{"line":158,"column":0},"end":{"line":158,"column":49}},"57":{"start":{"line":159,"column":0},"end":{"line":159,"column":45}},"58":{"start":{"line":160,"column":0},"end":{"line":160,"column":45}},"59":{"start":{"line":161,"column":0},"end":{"line":161,"column":45}}},"fnMap":{"0":{"name":"isObject","decl":{"start":{"line":3,"column":9},"end":{"line":3,"column":17}},"loc":{"start":{"line":3,"column":21},"end":{"line":10,"column":1}},"line":3},"1":{"name":"(anonymous_1)","decl":{"start":{"line":19,"column":2},"end":{"line":19,"column":3}},"loc":{"start":{"line":19,"column":29},"end":{"line":29,"column":3}},"line":19},"2":{"name":"(anonymous_2)","decl":{"start":{"line":39,"column":2},"end":{"line":39,"column":3}},"loc":{"start":{"line":39,"column":29},"end":{"line":49,"column":3}},"line":39},"3":{"name":"(anonymous_3)","decl":{"start":{"line":60,"column":2},"end":{"line":60,"column":3}},"loc":{"start":{"line":60,"column":29},"end":{"line":70,"column":3}},"line":60},"4":{"name":"(anonymous_4)","decl":{"start":{"line":80,"column":2},"end":{"line":80,"column":3}},"loc":{"start":{"line":80,"column":29},"end":{"line":90,"column":3}},"line":80},"5":{"name":"(anonymous_5)","decl":{"start":{"line":100,"column":2},"end":{"line":100,"column":3}},"loc":{"start":{"line":100,"column":29},"end":{"line":110,"column":3}},"line":100},"6":{"name":"(anonymous_6)","decl":{"start":{"line":121,"column":2},"end":{"line":121,"column":3}},"loc":{"start":{"line":121,"column":29},"end":{"line":131,"column":3}},"line":121},"7":{"name":"(anonymous_7)","decl":{"start":{"line":142,"column":2},"end":{"line":142,"column":3}},"loc":{"start":{"line":142,"column":29},"end":{"line":152,"column":3}},"line":142}},"branchMap":{"0":{"loc":{"start":{"line":4,"column":2},"end":{"line":9,"column":3}},"type":"if","locations":[{"start":{"line":4,"column":2},"end":{"line":9,"column":3}},{"start":{"line":4,"column":2},"end":{"line":9,"column":3}}],"line":4},"1":{"loc":{"start":{"line":8,"column":11},"end":{"line":8,"column":63}},"type":"binary-expr","locations":[{"start":{"line":8,"column":11},"end":{"line":8,"column":29}},{"start":{"line":8,"column":33},"end":{"line":8,"column":63}}],"line":8},"2":{"loc":{"start":{"line":23,"column":4},"end":{"line":27,"column":5}},"type":"if","locations":[{"start":{"line":23,"column":4},"end":{"line":27,"column":5}},{"start":{"line":23,"column":4},"end":{"line":27,"column":5}}],"line":23},"3":{"loc":{"start":{"line":43,"column":4},"end":{"line":47,"column":5}},"type":"if","locations":[{"start":{"line":43,"column":4},"end":{"line":47,"column":5}},{"start":{"line":43,"column":4},"end":{"line":47,"column":5}}],"line":43},"4":{"loc":{"start":{"line":64,"column":4},"end":{"line":68,"column":5}},"type":"if","locations":[{"start":{"line":64,"column":4},"end":{"line":68,"column":5}},{"start":{"line":64,"column":4},"end":{"line":68,"column":5}}],"line":64},"5":{"loc":{"start":{"line":84,"column":4},"end":{"line":88,"column":5}},"type":"if","locations":[{"start":{"line":84,"column":4},"end":{"line":88,"column":5}},{"start":{"line":84,"column":4},"end":{"line":88,"column":5}}],"line":84},"6":{"loc":{"start":{"line":104,"column":4},"end":{"line":108,"column":5}},"type":"if","locations":[{"start":{"line":104,"column":4},"end":{"line":108,"column":5}},{"start":{"line":104,"column":4},"end":{"line":108,"column":5}}],"line":104},"7":{"loc":{"start":{"line":125,"column":4},"end":{"line":129,"column":5}},"type":"if","locations":[{"start":{"line":125,"column":4},"end":{"line":129,"column":5}},{"start":{"line":125,"column":4},"end":{"line":129,"column":5}}],"line":125},"8":{"loc":{"start":{"line":146,"column":4},"end":{"line":150,"column":5}},"type":"if","locations":[{"start":{"line":146,"column":4},"end":{"line":150,"column":5}},{"start":{"line":146,"column":4},"end":{"line":150,"column":5}}],"line":146}},"s":{"0":32,"1":16,"2":16,"3":16,"4":14,"5":14,"6":14,"7":14,"8":7,"9":7,"10":14,"11":6,"12":6,"13":6,"14":6,"15":3,"16":3,"17":6,"18":4,"19":4,"20":4,"21":4,"22":2,"23":2,"24":4,"25":2,"26":2,"27":2,"28":2,"29":1,"30":1,"31":2,"32":2,"33":2,"34":2,"35":2,"36":1,"37":1,"38":2,"39":2,"40":2,"41":2,"42":2,"43":1,"44":1,"45":2,"46":2,"47":2,"48":2,"49":2,"50":1,"51":1,"52":2,"53":1,"54":1,"55":1,"56":1,"57":1,"58":1,"59":1},"f":{"0":32,"1":14,"2":6,"3":4,"4":2,"5":2,"6":2,"7":2},"b":{"0":[16,16],"1":[16,16],"2":[7,7],"3":[3,3],"4":[2,2],"5":[1,1],"6":[1,1],"7":[1,1],"8":[1,1]},"_coverageSchema":"332fd63041d2c1bcb487cc26dd0d5f7d97098a6c","hash":"a35b8e1c9653582a7a0ec38a92207d898eab06cf"}
,"/Users/norman/development/2018/dec/fns/lib/is.js": {"path":"/Users/norman/development/2018/dec/fns/lib/is.js","statementMap":{"0":{"start":{"line":2,"column":2},"end":{"line":5,"column":5}},"1":{"start":{"line":7,"column":20},"end":{"line":18,"column":3}},"2":{"start":{"line":8,"column":4},"end":{"line":17,"column":5}},"3":{"start":{"line":9,"column":6},"end":{"line":9,"column":17}},"4":{"start":{"line":11,"column":6},"end":{"line":16,"column":7}},"5":{"start":{"line":12,"column":8},"end":{"line":12,"column":28}},"6":{"start":{"line":13,"column":8},"end":{"line":13,"column":20}},"7":{"start":{"line":15,"column":8},"end":{"line":15,"column":19}},"8":{"start":{"line":20,"column":2},"end":{"line":176,"column":5}},"9":{"start":{"line":25,"column":8},"end":{"line":25,"column":27}},"10":{"start":{"line":26,"column":8},"end":{"line":26,"column":23}},"11":{"start":{"line":32,"column":23},"end":{"line":32,"column":72}},"12":{"start":{"line":37,"column":23},"end":{"line":37,"column":61}},"13":{"start":{"line":42,"column":23},"end":{"line":42,"column":58}},"14":{"start":{"line":47,"column":23},"end":{"line":47,"column":59}},"15":{"start":{"line":53,"column":8},"end":{"line":53,"column":89}},"16":{"start":{"line":60,"column":18},"end":{"line":60,"column":92}},"17":{"start":{"line":61,"column":8},"end":{"line":61,"column":32}},"18":{"start":{"line":68,"column":8},"end":{"line":74,"column":9}},"19":{"start":{"line":69,"column":10},"end":{"line":69,"column":37}},"20":{"start":{"line":71,"column":26},"end":{"line":71,"column":50}},"21":{"start":{"line":72,"column":20},"end":{"line":72,"column":72}},"22":{"start":{"line":73,"column":10},"end":{"line":73,"column":35}},"23":{"start":{"line":81,"column":18},"end":{"line":81,"column":75}},"24":{"start":{"line":82,"column":8},"end":{"line":82,"column":33}},"25":{"start":{"line":88,"column":23},"end":{"line":88,"column":66}},"26":{"start":{"line":96,"column":8},"end":{"line":99,"column":9}},"27":{"start":{"line":97,"column":10},"end":{"line":97,"column":22}},"28":{"start":{"line":98,"column":10},"end":{"line":98,"column":35}},"29":{"start":{"line":101,"column":8},"end":{"line":107,"column":9}},"30":{"start":{"line":102,"column":22},"end":{"line":102,"column":52}},"31":{"start":{"line":103,"column":24},"end":{"line":103,"column":57}},"32":{"start":{"line":104,"column":20},"end":{"line":104,"column":46}},"33":{"start":{"line":105,"column":10},"end":{"line":105,"column":47}},"34":{"start":{"line":106,"column":10},"end":{"line":106,"column":35}},"35":{"start":{"line":109,"column":8},"end":{"line":117,"column":9}},"36":{"start":{"line":110,"column":10},"end":{"line":110,"column":31}},"37":{"start":{"line":111,"column":15},"end":{"line":117,"column":9}},"38":{"start":{"line":112,"column":10},"end":{"line":112,"column":44}},"39":{"start":{"line":113,"column":15},"end":{"line":117,"column":9}},"40":{"start":{"line":114,"column":10},"end":{"line":114,"column":31}},"41":{"start":{"line":116,"column":10},"end":{"line":116,"column":22}},"42":{"start":{"line":119,"column":8},"end":{"line":119,"column":33}},"43":{"start":{"line":126,"column":23},"end":{"line":132,"column":9}},"44":{"start":{"line":135,"column":8},"end":{"line":142,"column":9}},"45":{"start":{"line":136,"column":10},"end":{"line":141,"column":11}},"46":{"start":{"line":137,"column":12},"end":{"line":137,"column":23}},"47":{"start":{"line":138,"column":12},"end":{"line":138,"column":18}},"48":{"start":{"line":140,"column":12},"end":{"line":140,"column":24}},"49":{"start":{"line":144,"column":8},"end":{"line":144,"column":33}},"50":{"start":{"line":150,"column":23},"end":{"line":150,"column":57}},"51":{"start":{"line":156,"column":8},"end":{"line":173,"column":9}},"52":{"start":{"line":157,"column":10},"end":{"line":163,"column":11}},"53":{"start":{"line":159,"column":12},"end":{"line":159,"column":39}},"54":{"start":{"line":162,"column":12},"end":{"line":162,"column":29}},"55":{"start":{"line":166,"column":10},"end":{"line":170,"column":11}},"56":{"start":{"line":167,"column":12},"end":{"line":167,"column":39}},"57":{"start":{"line":169,"column":12},"end":{"line":169,"column":38}},"58":{"start":{"line":172,"column":10},"end":{"line":172,"column":37}},"59":{"start":{"line":178,"column":2},"end":{"line":178,"column":17}},"60":{"start":{"line":181,"column":0},"end":{"line":181,"column":26}}},"fnMap":{"0":{"name":"Is","decl":{"start":{"line":1,"column":9},"end":{"line":1,"column":11}},"loc":{"start":{"line":1,"column":14},"end":{"line":179,"column":1}},"line":1},"1":{"name":"(anonymous_1)","decl":{"start":{"line":7,"column":20},"end":{"line":7,"column":21}},"loc":{"start":{"line":7,"column":40},"end":{"line":18,"column":3}},"line":7},"2":{"name":"(anonymous_2)","decl":{"start":{"line":24,"column":11},"end":{"line":24,"column":12}},"loc":{"start":{"line":24,"column":17},"end":{"line":27,"column":7}},"line":24},"3":{"name":"(anonymous_3)","decl":{"start":{"line":32,"column":13},"end":{"line":32,"column":14}},"loc":{"start":{"line":32,"column":23},"end":{"line":32,"column":72}},"line":32},"4":{"name":"(anonymous_4)","decl":{"start":{"line":37,"column":13},"end":{"line":37,"column":14}},"loc":{"start":{"line":37,"column":23},"end":{"line":37,"column":61}},"line":37},"5":{"name":"(anonymous_5)","decl":{"start":{"line":42,"column":13},"end":{"line":42,"column":14}},"loc":{"start":{"line":42,"column":23},"end":{"line":42,"column":58}},"line":42},"6":{"name":"(anonymous_6)","decl":{"start":{"line":47,"column":13},"end":{"line":47,"column":14}},"loc":{"start":{"line":47,"column":23},"end":{"line":47,"column":59}},"line":47},"7":{"name":"(anonymous_7)","decl":{"start":{"line":52,"column":13},"end":{"line":52,"column":14}},"loc":{"start":{"line":52,"column":23},"end":{"line":54,"column":7}},"line":52},"8":{"name":"(anonymous_8)","decl":{"start":{"line":59,"column":13},"end":{"line":59,"column":14}},"loc":{"start":{"line":59,"column":23},"end":{"line":62,"column":7}},"line":59},"9":{"name":"(anonymous_9)","decl":{"start":{"line":67,"column":13},"end":{"line":67,"column":14}},"loc":{"start":{"line":67,"column":23},"end":{"line":75,"column":7}},"line":67},"10":{"name":"(anonymous_10)","decl":{"start":{"line":80,"column":13},"end":{"line":80,"column":14}},"loc":{"start":{"line":80,"column":23},"end":{"line":83,"column":7}},"line":80},"11":{"name":"(anonymous_11)","decl":{"start":{"line":88,"column":13},"end":{"line":88,"column":14}},"loc":{"start":{"line":88,"column":23},"end":{"line":88,"column":66}},"line":88},"12":{"name":"(anonymous_12)","decl":{"start":{"line":93,"column":13},"end":{"line":93,"column":14}},"loc":{"start":{"line":93,"column":28},"end":{"line":120,"column":7}},"line":93},"13":{"name":"(anonymous_13)","decl":{"start":{"line":125,"column":13},"end":{"line":125,"column":14}},"loc":{"start":{"line":125,"column":23},"end":{"line":145,"column":7}},"line":125},"14":{"name":"(anonymous_14)","decl":{"start":{"line":150,"column":13},"end":{"line":150,"column":14}},"loc":{"start":{"line":150,"column":23},"end":{"line":150,"column":57}},"line":150},"15":{"name":"(anonymous_15)","decl":{"start":{"line":155,"column":13},"end":{"line":155,"column":14}},"loc":{"start":{"line":155,"column":23},"end":{"line":174,"column":7}},"line":155}},"branchMap":{"0":{"loc":{"start":{"line":8,"column":4},"end":{"line":17,"column":5}},"type":"if","locations":[{"start":{"line":8,"column":4},"end":{"line":17,"column":5}},{"start":{"line":8,"column":4},"end":{"line":17,"column":5}}],"line":8},"1":{"loc":{"start":{"line":11,"column":6},"end":{"line":16,"column":7}},"type":"if","locations":[{"start":{"line":11,"column":6},"end":{"line":16,"column":7}},{"start":{"line":11,"column":6},"end":{"line":16,"column":7}}],"line":11},"2":{"loc":{"start":{"line":32,"column":33},"end":{"line":32,"column":68}},"type":"binary-expr","locations":[{"start":{"line":32,"column":33},"end":{"line":32,"column":43}},{"start":{"line":32,"column":47},"end":{"line":32,"column":68}}],"line":32},"3":{"loc":{"start":{"line":53,"column":25},"end":{"line":53,"column":84}},"type":"binary-expr","locations":[{"start":{"line":53,"column":25},"end":{"line":53,"column":46}},{"start":{"line":53,"column":50},"end":{"line":53,"column":84}}],"line":53},"4":{"loc":{"start":{"line":60,"column":18},"end":{"line":60,"column":92}},"type":"binary-expr","locations":[{"start":{"line":60,"column":18},"end":{"line":60,"column":72}},{"start":{"line":60,"column":76},"end":{"line":60,"column":92}}],"line":60},"5":{"loc":{"start":{"line":68,"column":8},"end":{"line":74,"column":9}},"type":"if","locations":[{"start":{"line":68,"column":8},"end":{"line":74,"column":9}},{"start":{"line":68,"column":8},"end":{"line":74,"column":9}}],"line":68},"6":{"loc":{"start":{"line":72,"column":20},"end":{"line":72,"column":72}},"type":"binary-expr","locations":[{"start":{"line":72,"column":20},"end":{"line":72,"column":38}},{"start":{"line":72,"column":42},"end":{"line":72,"column":72}}],"line":72},"7":{"loc":{"start":{"line":96,"column":8},"end":{"line":99,"column":9}},"type":"if","locations":[{"start":{"line":96,"column":8},"end":{"line":99,"column":9}},{"start":{"line":96,"column":8},"end":{"line":99,"column":9}}],"line":96},"8":{"loc":{"start":{"line":96,"column":12},"end":{"line":96,"column":59}},"type":"binary-expr","locations":[{"start":{"line":96,"column":12},"end":{"line":96,"column":38}},{"start":{"line":96,"column":42},"end":{"line":96,"column":59}}],"line":96},"9":{"loc":{"start":{"line":101,"column":8},"end":{"line":107,"column":9}},"type":"if","locations":[{"start":{"line":101,"column":8},"end":{"line":107,"column":9}},{"start":{"line":101,"column":8},"end":{"line":107,"column":9}}],"line":101},"10":{"loc":{"start":{"line":109,"column":8},"end":{"line":117,"column":9}},"type":"if","locations":[{"start":{"line":109,"column":8},"end":{"line":117,"column":9}},{"start":{"line":109,"column":8},"end":{"line":117,"column":9}}],"line":109},"11":{"loc":{"start":{"line":111,"column":15},"end":{"line":117,"column":9}},"type":"if","locations":[{"start":{"line":111,"column":15},"end":{"line":117,"column":9}},{"start":{"line":111,"column":15},"end":{"line":117,"column":9}}],"line":111},"12":{"loc":{"start":{"line":113,"column":15},"end":{"line":117,"column":9}},"type":"if","locations":[{"start":{"line":113,"column":15},"end":{"line":117,"column":9}},{"start":{"line":113,"column":15},"end":{"line":117,"column":9}}],"line":113},"13":{"loc":{"start":{"line":136,"column":10},"end":{"line":141,"column":11}},"type":"if","locations":[{"start":{"line":136,"column":10},"end":{"line":141,"column":11}},{"start":{"line":136,"column":10},"end":{"line":141,"column":11}}],"line":136},"14":{"loc":{"start":{"line":156,"column":8},"end":{"line":173,"column":9}},"type":"if","locations":[{"start":{"line":156,"column":8},"end":{"line":173,"column":9}},{"start":{"line":156,"column":8},"end":{"line":173,"column":9}}],"line":156},"15":{"loc":{"start":{"line":157,"column":10},"end":{"line":163,"column":11}},"type":"if","locations":[{"start":{"line":157,"column":10},"end":{"line":163,"column":11}},{"start":{"line":157,"column":10},"end":{"line":163,"column":11}}],"line":157},"16":{"loc":{"start":{"line":166,"column":10},"end":{"line":170,"column":11}},"type":"if","locations":[{"start":{"line":166,"column":10},"end":{"line":170,"column":11}},{"start":{"line":166,"column":10},"end":{"line":170,"column":11}}],"line":166}},"s":{"0":1,"1":1,"2":578,"3":170,"4":408,"5":204,"6":204,"7":204,"8":1,"9":204,"10":204,"11":36,"12":72,"13":46,"14":26,"15":60,"16":52,"17":52,"18":46,"19":42,"20":4,"21":4,"22":4,"23":62,"24":62,"25":28,"26":36,"27":2,"28":2,"29":34,"30":8,"31":8,"32":8,"33":8,"34":8,"35":26,"36":6,"37":20,"38":2,"39":18,"40":6,"41":12,"42":26,"43":42,"44":42,"45":194,"46":10,"47":10,"48":184,"49":42,"50":36,"51":36,"52":10,"53":2,"54":8,"55":10,"56":2,"57":8,"58":26,"59":1,"60":1},"f":{"0":1,"1":578,"2":204,"3":36,"4":72,"5":46,"6":26,"7":60,"8":52,"9":46,"10":62,"11":28,"12":36,"13":42,"14":36,"15":36},"b":{"0":[170,408],"1":[204,204],"2":[36,2],"3":[60,48],"4":[52,44],"5":[42,4],"6":[4,4],"7":[2,34],"8":[36,34],"9":[8,26],"10":[6,20],"11":[2,18],"12":[6,12],"13":[10,184],"14":[10,26],"15":[2,8],"16":[2,8]},"_coverageSchema":"332fd63041d2c1bcb487cc26dd0d5f7d97098a6c","hash":"d38fef81a144b2051d81c4db1e64fc757f16d0a3"}
,"/Users/norman/development/2018/dec/fns/lib/promises.js": {"path":"/Users/norman/development/2018/dec/fns/lib/promises.js","statementMap":{"0":{"start":{"line":1,"column":0},"end":{"line":null,"column":-1}},"1":{"start":{"line":2,"column":2},"end":{"line":null,"column":-1}},"2":{"start":{"line":2,"column":32},"end":{"line":null,"column":-1}},"3":{"start":{"line":2,"column":45},"end":{"line":null,"column":-1}},"4":{"start":{"line":4,"column":6},"end":{"line":6,"column":7}},"5":{"start":{"line":5,"column":8},"end":{"line":null,"column":-1}},"6":{"start":{"line":8,"column":19},"end":{"line":8,"column":6}},"7":{"start":{"line":10,"column":8},"end":{"line":12,"column":9}},"8":{"start":{"line":11,"column":10},"end":{"line":null,"column":-1}},"9":{"start":{"line":14,"column":8},"end":{"line":null,"column":-1}},"10":{"start":{"line":17,"column":6},"end":{"line":21,"column":7}},"11":{"start":{"line":18,"column":8},"end":{"line":null,"column":-1}},"12":{"start":{"line":20,"column":8},"end":{"line":null,"column":-1}}},"fnMap":{"0":{"name":"(anonymous_0)","decl":{"start":{"line":1,"column":28},"end":{"line":1,"column":36}},"loc":{"start":{"line":1,"column":53},"end":{"line":1,"column":0}}},"1":{"name":"(anonymous_1)","decl":{"start":{"line":2,"column":31},"end":{"line":2,"column":30}},"loc":{"start":{"line":2,"column":32},"end":{"line":2,"column":21}}},"2":{"name":"(anonymous_2)","decl":{"start":{"line":2,"column":44},"end":{"line":2,"column":43}},"loc":{"start":{"line":2,"column":45},"end":{"line":2,"column":36}}},"3":{"name":"(anonymous_3)","decl":{"start":{"line":3,"column":10},"end":{"line":3,"column":9}},"loc":{"start":{"line":3,"column":20},"end":{"line":2,"column":9}}},"4":{"name":"(anonymous_4)","decl":{"start":{"line":8,"column":33},"end":{"line":8,"column":33}},"loc":{"start":{"line":8,"column":52},"end":{"line":8,"column":19}}}},"branchMap":{"0":{"loc":{"start":{"line":4,"column":6},"end":{"line":6,"column":7}},"type":"if","locations":[{"start":{"line":4,"column":6},"end":{"line":6,"column":7}},{"start":{"line":4,"column":6},"end":{"line":6,"column":7}}]},"1":{"loc":{"start":{"line":10,"column":8},"end":{"line":12,"column":9}},"type":"if","locations":[{"start":{"line":10,"column":8},"end":{"line":12,"column":9}},{"start":{"line":10,"column":8},"end":{"line":12,"column":9}}]},"2":{"loc":{"start":{"line":17,"column":6},"end":{"line":21,"column":7}},"type":"if","locations":[{"start":{"line":17,"column":6},"end":{"line":21,"column":7}},{"start":{"line":17,"column":6},"end":{"line":21,"column":7}}]}},"s":{"0":0,"1":0,"2":0,"3":0,"4":0,"5":0,"6":0,"7":0,"8":0,"9":0,"10":0,"11":0,"12":0},"f":{"0":0,"1":0,"2":0,"3":0,"4":0},"b":{"0":[0,0],"1":[0,0],"2":[0,0]}}
,"/Users/norman/development/2018/dec/fns/lib/to.js": {"path":"/Users/norman/development/2018/dec/fns/lib/to.js","statementMap":{"0":{"start":{"line":2,"column":2},"end":{"line":null,"column":-1}},"1":{"start":{"line":8,"column":8},"end":{"line":12,"column":9}},"2":{"start":{"line":9,"column":10},"end":{"line":null,"column":-1}},"3":{"start":{"line":11,"column":10},"end":{"line":null,"column":-1}},"4":{"start":{"line":16,"column":2},"end":{"line":null,"column":-1}},"5":{"start":{"line":19,"column":0},"end":{"line":null,"column":-1}}},"fnMap":{"0":{"name":"To","decl":{"start":{"line":1,"column":9},"end":{"line":1,"column":0}},"loc":{"start":{"line":1,"column":14},"end":{"line":17,"column":1}}},"1":{"name":"value","decl":{"start":{"line":7,"column":13},"end":{"line":7,"column":12}},"loc":{"start":{"line":7,"column":20},"end":{"line":13,"column":7}}}},"branchMap":{"0":{"loc":{"start":{"line":8,"column":8},"end":{"line":12,"column":9}},"type":"if","locations":[{"start":{"line":8,"column":8},"end":{"line":12,"column":9}},{"start":{"line":8,"column":8},"end":{"line":12,"column":9}}]},"1":{"loc":{"start":{"line":8,"column":12},"end":{"line":8,"column":11}},"type":"binary-expr","locations":[{"start":{"line":8,"column":12},"end":{"line":8,"column":11}},{"start":{"line":8,"column":31},"end":{"line":8,"column":8}}]}},"s":{"0":0,"1":0,"2":0,"3":0,"4":0,"5":0},"f":{"0":0,"1":0},"b":{"0":[0,0],"1":[0,0]}}
,"/Users/norman/development/2018/dec/fns/lib/various.js": {"path":"/Users/norman/development/2018/dec/fns/lib/various.js","statementMap":{"0":{"start":{"line":1,"column":0},"end":{"line":null,"column":-1}},"1":{"start":{"line":2,"column":13},"end":{"line":2,"column":2}},"2":{"start":{"line":4,"column":2},"end":{"line":8,"column":3}},"3":{"start":{"line":5,"column":4},"end":{"line":7,"column":5}},"4":{"start":{"line":6,"column":6},"end":{"line":null,"column":-1}},"5":{"start":{"line":10,"column":2},"end":{"line":null,"column":-1}}},"fnMap":{"0":{"name":"(anonymous_0)","decl":{"start":{"line":1,"column":25},"end":{"line":1,"column":33}},"loc":{"start":{"line":1,"column":40},"end":{"line":1,"column":0}}}},"branchMap":{"0":{"loc":{"start":{"line":5,"column":4},"end":{"line":7,"column":5}},"type":"if","locations":[{"start":{"line":5,"column":4},"end":{"line":7,"column":5}},{"start":{"line":5,"column":4},"end":{"line":7,"column":5}}]}},"s":{"0":0,"1":0,"2":0,"3":0,"4":0,"5":0},"f":{"0":0},"b":{"0":[0,0]}}
}
