{"/Users/norman/development/2018/dec/fns/lib/errors.js": {"path":"/Users/norman/development/2018/dec/fns/lib/errors.js","statementMap":{"0":{"start":{"line":4,"column":2},"end":{"line":9,"column":3}},"1":{"start":{"line":5,"column":4},"end":{"line":5,"column":16}},"2":{"start":{"line":7,"column":20},"end":{"line":7,"column":44}},"3":{"start":{"line":8,"column":4},"end":{"line":8,"column":63}},"4":{"start":{"line":20,"column":4},"end":{"line":20,"column":19}},"5":{"start":{"line":21,"column":4},"end":{"line":21,"column":28}},"6":{"start":{"line":22,"column":4},"end":{"line":22,"column":22}},"7":{"start":{"line":23,"column":4},"end":{"line":27,"column":5}},"8":{"start":{"line":24,"column":6},"end":{"line":26,"column":7}},"9":{"start":{"line":25,"column":8},"end":{"line":25,"column":30}},"10":{"start":{"line":28,"column":4},"end":{"line":28,"column":45}},"11":{"start":{"line":40,"column":4},"end":{"line":40,"column":25}},"12":{"start":{"line":41,"column":4},"end":{"line":41,"column":28}},"13":{"start":{"line":42,"column":4},"end":{"line":42,"column":22}},"14":{"start":{"line":43,"column":4},"end":{"line":47,"column":5}},"15":{"start":{"line":44,"column":6},"end":{"line":46,"column":7}},"16":{"start":{"line":45,"column":8},"end":{"line":45,"column":30}},"17":{"start":{"line":48,"column":4},"end":{"line":48,"column":45}},"18":{"start":{"line":61,"column":4},"end":{"line":61,"column":25}},"19":{"start":{"line":62,"column":4},"end":{"line":62,"column":34}},"20":{"start":{"line":63,"column":4},"end":{"line":63,"column":22}},"21":{"start":{"line":64,"column":4},"end":{"line":68,"column":5}},"22":{"start":{"line":65,"column":6},"end":{"line":67,"column":7}},"23":{"start":{"line":66,"column":8},"end":{"line":66,"column":30}},"24":{"start":{"line":69,"column":4},"end":{"line":69,"column":51}},"25":{"start":{"line":81,"column":4},"end":{"line":81,"column":25}},"26":{"start":{"line":82,"column":4},"end":{"line":82,"column":34}},"27":{"start":{"line":83,"column":4},"end":{"line":83,"column":22}},"28":{"start":{"line":84,"column":4},"end":{"line":88,"column":5}},"29":{"start":{"line":85,"column":6},"end":{"line":87,"column":7}},"30":{"start":{"line":86,"column":8},"end":{"line":86,"column":30}},"31":{"start":{"line":89,"column":4},"end":{"line":89,"column":51}},"32":{"start":{"line":101,"column":4},"end":{"line":101,"column":25}},"33":{"start":{"line":102,"column":4},"end":{"line":102,"column":32}},"34":{"start":{"line":103,"column":4},"end":{"line":103,"column":22}},"35":{"start":{"line":104,"column":4},"end":{"line":108,"column":5}},"36":{"start":{"line":105,"column":6},"end":{"line":107,"column":7}},"37":{"start":{"line":106,"column":8},"end":{"line":106,"column":30}},"38":{"start":{"line":109,"column":4},"end":{"line":109,"column":49}},"39":{"start":{"line":122,"column":4},"end":{"line":122,"column":25}},"40":{"start":{"line":123,"column":4},"end":{"line":123,"column":32}},"41":{"start":{"line":124,"column":4},"end":{"line":124,"column":22}},"42":{"start":{"line":125,"column":4},"end":{"line":129,"column":5}},"43":{"start":{"line":126,"column":6},"end":{"line":128,"column":7}},"44":{"start":{"line":127,"column":8},"end":{"line":127,"column":30}},"45":{"start":{"line":130,"column":4},"end":{"line":130,"column":49}},"46":{"start":{"line":143,"column":4},"end":{"line":143,"column":25}},"47":{"start":{"line":144,"column":4},"end":{"line":144,"column":32}},"48":{"start":{"line":145,"column":4},"end":{"line":145,"column":22}},"49":{"start":{"line":146,"column":4},"end":{"line":150,"column":5}},"50":{"start":{"line":147,"column":6},"end":{"line":149,"column":7}},"51":{"start":{"line":148,"column":8},"end":{"line":148,"column":30}},"52":{"start":{"line":151,"column":4},"end":{"line":151,"column":49}},"53":{"start":{"line":155,"column":0},"end":{"line":155,"column":37}},"54":{"start":{"line":156,"column":0},"end":{"line":156,"column":37}},"55":{"start":{"line":157,"column":0},"end":{"line":157,"column":49}},"56":{"start":{"line":158,"column":0},"end":{"line":158,"column":49}},"57":{"start":{"line":159,"column":0},"end":{"line":159,"column":45}},"58":{"start":{"line":160,"column":0},"end":{"line":160,"column":45}},"59":{"start":{"line":161,"column":0},"end":{"line":161,"column":45}}},"fnMap":{"0":{"name":"isObject","decl":{"start":{"line":3,"column":9},"end":{"line":3,"column":17}},"loc":{"start":{"line":3,"column":21},"end":{"line":10,"column":1}},"line":3},"1":{"name":"(anonymous_1)","decl":{"start":{"line":19,"column":2},"end":{"line":19,"column":3}},"loc":{"start":{"line":19,"column":29},"end":{"line":29,"column":3}},"line":19},"2":{"name":"(anonymous_2)","decl":{"start":{"line":39,"column":2},"end":{"line":39,"column":3}},"loc":{"start":{"line":39,"column":29},"end":{"line":49,"column":3}},"line":39},"3":{"name":"(anonymous_3)","decl":{"start":{"line":60,"column":2},"end":{"line":60,"column":3}},"loc":{"start":{"line":60,"column":29},"end":{"line":70,"column":3}},"line":60},"4":{"name":"(anonymous_4)","decl":{"start":{"line":80,"column":2},"end":{"line":80,"column":3}},"loc":{"start":{"line":80,"column":29},"end":{"line":90,"column":3}},"line":80},"5":{"name":"(anonymous_5)","decl":{"start":{"line":100,"column":2},"end":{"line":100,"column":3}},"loc":{"start":{"line":100,"column":29},"end":{"line":110,"column":3}},"line":100},"6":{"name":"(anonymous_6)","decl":{"start":{"line":121,"column":2},"end":{"line":121,"column":3}},"loc":{"start":{"line":121,"column":29},"end":{"line":131,"column":3}},"line":121},"7":{"name":"(anonymous_7)","decl":{"start":{"line":142,"column":2},"end":{"line":142,"column":3}},"loc":{"start":{"line":142,"column":29},"end":{"line":152,"column":3}},"line":142}},"branchMap":{"0":{"loc":{"start":{"line":4,"column":2},"end":{"line":9,"column":3}},"type":"if","locations":[{"start":{"line":4,"column":2},"end":{"line":9,"column":3}},{"start":{"line":4,"column":2},"end":{"line":9,"column":3}}],"line":4},"1":{"loc":{"start":{"line":8,"column":11},"end":{"line":8,"column":63}},"type":"binary-expr","locations":[{"start":{"line":8,"column":11},"end":{"line":8,"column":29}},{"start":{"line":8,"column":33},"end":{"line":8,"column":63}}],"line":8},"2":{"loc":{"start":{"line":23,"column":4},"end":{"line":27,"column":5}},"type":"if","locations":[{"start":{"line":23,"column":4},"end":{"line":27,"column":5}},{"start":{"line":23,"column":4},"end":{"line":27,"column":5}}],"line":23},"3":{"loc":{"start":{"line":43,"column":4},"end":{"line":47,"column":5}},"type":"if","locations":[{"start":{"line":43,"column":4},"end":{"line":47,"column":5}},{"start":{"line":43,"column":4},"end":{"line":47,"column":5}}],"line":43},"4":{"loc":{"start":{"line":64,"column":4},"end":{"line":68,"column":5}},"type":"if","locations":[{"start":{"line":64,"column":4},"end":{"line":68,"column":5}},{"start":{"line":64,"column":4},"end":{"line":68,"column":5}}],"line":64},"5":{"loc":{"start":{"line":84,"column":4},"end":{"line":88,"column":5}},"type":"if","locations":[{"start":{"line":84,"column":4},"end":{"line":88,"column":5}},{"start":{"line":84,"column":4},"end":{"line":88,"column":5}}],"line":84},"6":{"loc":{"start":{"line":104,"column":4},"end":{"line":108,"column":5}},"type":"if","locations":[{"start":{"line":104,"column":4},"end":{"line":108,"column":5}},{"start":{"line":104,"column":4},"end":{"line":108,"column":5}}],"line":104},"7":{"loc":{"start":{"line":125,"column":4},"end":{"line":129,"column":5}},"type":"if","locations":[{"start":{"line":125,"column":4},"end":{"line":129,"column":5}},{"start":{"line":125,"column":4},"end":{"line":129,"column":5}}],"line":125},"8":{"loc":{"start":{"line":146,"column":4},"end":{"line":150,"column":5}},"type":"if","locations":[{"start":{"line":146,"column":4},"end":{"line":150,"column":5}},{"start":{"line":146,"column":4},"end":{"line":150,"column":5}}],"line":146}},"s":{"0":32,"1":16,"2":16,"3":16,"4":14,"5":14,"6":14,"7":14,"8":7,"9":7,"10":14,"11":6,"12":6,"13":6,"14":6,"15":3,"16":3,"17":6,"18":4,"19":4,"20":4,"21":4,"22":2,"23":2,"24":4,"25":2,"26":2,"27":2,"28":2,"29":1,"30":1,"31":2,"32":2,"33":2,"34":2,"35":2,"36":1,"37":1,"38":2,"39":2,"40":2,"41":2,"42":2,"43":1,"44":1,"45":2,"46":2,"47":2,"48":2,"49":2,"50":1,"51":1,"52":2,"53":1,"54":1,"55":1,"56":1,"57":1,"58":1,"59":1},"f":{"0":32,"1":14,"2":6,"3":4,"4":2,"5":2,"6":2,"7":2},"b":{"0":[16,16],"1":[16,16],"2":[7,7],"3":[3,3],"4":[2,2],"5":[1,1],"6":[1,1],"7":[1,1],"8":[1,1]},"_coverageSchema":"332fd63041d2c1bcb487cc26dd0d5f7d97098a6c","hash":"a35b8e1c9653582a7a0ec38a92207d898eab06cf"}
,"/Users/norman/development/2018/dec/fns/lib/is.js": {"path":"/Users/norman/development/2018/dec/fns/lib/is.js","statementMap":{"0":{"start":{"line":2,"column":2},"end":{"line":5,"column":5}},"1":{"start":{"line":7,"column":20},"end":{"line":7,"column":78}},"2":{"start":{"line":7,"column":37},"end":{"line":7,"column":78}},"3":{"start":{"line":9,"column":2},"end":{"line":158,"column":5}},"4":{"start":{"line":14,"column":8},"end":{"line":14,"column":27}},"5":{"start":{"line":15,"column":8},"end":{"line":15,"column":23}},"6":{"start":{"line":21,"column":23},"end":{"line":21,"column":72}},"7":{"start":{"line":26,"column":23},"end":{"line":26,"column":61}},"8":{"start":{"line":31,"column":23},"end":{"line":31,"column":58}},"9":{"start":{"line":37,"column":8},"end":{"line":41,"column":9}},"10":{"start":{"line":38,"column":10},"end":{"line":38,"column":66}},"11":{"start":{"line":40,"column":10},"end":{"line":40,"column":37}},"12":{"start":{"line":47,"column":23},"end":{"line":47,"column":46}},"13":{"start":{"line":53,"column":18},"end":{"line":53,"column":92}},"14":{"start":{"line":54,"column":8},"end":{"line":54,"column":32}},"15":{"start":{"line":61,"column":8},"end":{"line":67,"column":9}},"16":{"start":{"line":62,"column":10},"end":{"line":62,"column":37}},"17":{"start":{"line":64,"column":26},"end":{"line":64,"column":50}},"18":{"start":{"line":65,"column":20},"end":{"line":65,"column":72}},"19":{"start":{"line":66,"column":10},"end":{"line":66,"column":35}},"20":{"start":{"line":74,"column":18},"end":{"line":74,"column":75}},"21":{"start":{"line":75,"column":8},"end":{"line":75,"column":33}},"22":{"start":{"line":81,"column":23},"end":{"line":81,"column":66}},"23":{"start":{"line":89,"column":8},"end":{"line":104,"column":9}},"24":{"start":{"line":90,"column":10},"end":{"line":90,"column":22}},"25":{"start":{"line":91,"column":15},"end":{"line":104,"column":9}},"26":{"start":{"line":92,"column":10},"end":{"line":92,"column":31}},"27":{"start":{"line":93,"column":15},"end":{"line":104,"column":9}},"28":{"start":{"line":94,"column":10},"end":{"line":94,"column":44}},"29":{"start":{"line":95,"column":15},"end":{"line":104,"column":9}},"30":{"start":{"line":96,"column":10},"end":{"line":96,"column":31}},"31":{"start":{"line":97,"column":15},"end":{"line":104,"column":9}},"32":{"start":{"line":98,"column":22},"end":{"line":98,"column":52}},"33":{"start":{"line":99,"column":24},"end":{"line":99,"column":57}},"34":{"start":{"line":100,"column":20},"end":{"line":100,"column":46}},"35":{"start":{"line":101,"column":10},"end":{"line":101,"column":47}},"36":{"start":{"line":103,"column":10},"end":{"line":103,"column":22}},"37":{"start":{"line":106,"column":8},"end":{"line":106,"column":33}},"38":{"start":{"line":113,"column":18},"end":{"line":113,"column":80}},"39":{"start":{"line":114,"column":8},"end":{"line":114,"column":33}},"40":{"start":{"line":123,"column":17},"end":{"line":123,"column":91}},"41":{"start":{"line":124,"column":17},"end":{"line":124,"column":91}},"42":{"start":{"line":125,"column":17},"end":{"line":125,"column":91}},"43":{"start":{"line":126,"column":17},"end":{"line":126,"column":91}},"44":{"start":{"line":127,"column":17},"end":{"line":127,"column":91}},"45":{"start":{"line":129,"column":8},"end":{"line":143,"column":9}},"46":{"start":{"line":130,"column":10},"end":{"line":130,"column":21}},"47":{"start":{"line":131,"column":15},"end":{"line":143,"column":9}},"48":{"start":{"line":132,"column":10},"end":{"line":132,"column":21}},"49":{"start":{"line":133,"column":15},"end":{"line":143,"column":9}},"50":{"start":{"line":134,"column":10},"end":{"line":134,"column":21}},"51":{"start":{"line":135,"column":15},"end":{"line":143,"column":9}},"52":{"start":{"line":136,"column":10},"end":{"line":136,"column":21}},"53":{"start":{"line":137,"column":15},"end":{"line":143,"column":9}},"54":{"start":{"line":138,"column":10},"end":{"line":138,"column":20}},"55":{"start":{"line":139,"column":15},"end":{"line":143,"column":9}},"56":{"start":{"line":140,"column":10},"end":{"line":140,"column":20}},"57":{"start":{"line":142,"column":10},"end":{"line":142,"column":22}},"58":{"start":{"line":145,"column":8},"end":{"line":145,"column":33}},"59":{"start":{"line":151,"column":23},"end":{"line":151,"column":57}},"60":{"start":{"line":156,"column":23},"end":{"line":156,"column":72}},"61":{"start":{"line":160,"column":2},"end":{"line":160,"column":17}},"62":{"start":{"line":163,"column":0},"end":{"line":163,"column":26}}},"fnMap":{"0":{"name":"Is","decl":{"start":{"line":1,"column":9},"end":{"line":1,"column":11}},"loc":{"start":{"line":1,"column":14},"end":{"line":161,"column":1}},"line":1},"1":{"name":"(anonymous_1)","decl":{"start":{"line":7,"column":20},"end":{"line":7,"column":21}},"loc":{"start":{"line":7,"column":37},"end":{"line":7,"column":78}},"line":7},"2":{"name":"(anonymous_2)","decl":{"start":{"line":13,"column":11},"end":{"line":13,"column":12}},"loc":{"start":{"line":13,"column":17},"end":{"line":16,"column":7}},"line":13},"3":{"name":"(anonymous_3)","decl":{"start":{"line":21,"column":13},"end":{"line":21,"column":14}},"loc":{"start":{"line":21,"column":23},"end":{"line":21,"column":72}},"line":21},"4":{"name":"(anonymous_4)","decl":{"start":{"line":26,"column":13},"end":{"line":26,"column":14}},"loc":{"start":{"line":26,"column":23},"end":{"line":26,"column":61}},"line":26},"5":{"name":"(anonymous_5)","decl":{"start":{"line":31,"column":13},"end":{"line":31,"column":14}},"loc":{"start":{"line":31,"column":23},"end":{"line":31,"column":58}},"line":31},"6":{"name":"(anonymous_6)","decl":{"start":{"line":36,"column":13},"end":{"line":36,"column":14}},"loc":{"start":{"line":36,"column":23},"end":{"line":42,"column":7}},"line":36},"7":{"name":"(anonymous_7)","decl":{"start":{"line":47,"column":13},"end":{"line":47,"column":14}},"loc":{"start":{"line":47,"column":23},"end":{"line":47,"column":46}},"line":47},"8":{"name":"(anonymous_8)","decl":{"start":{"line":52,"column":13},"end":{"line":52,"column":14}},"loc":{"start":{"line":52,"column":23},"end":{"line":55,"column":7}},"line":52},"9":{"name":"(anonymous_9)","decl":{"start":{"line":60,"column":13},"end":{"line":60,"column":14}},"loc":{"start":{"line":60,"column":31},"end":{"line":68,"column":7}},"line":60},"10":{"name":"(anonymous_10)","decl":{"start":{"line":73,"column":13},"end":{"line":73,"column":14}},"loc":{"start":{"line":73,"column":23},"end":{"line":76,"column":7}},"line":73},"11":{"name":"(anonymous_11)","decl":{"start":{"line":81,"column":13},"end":{"line":81,"column":14}},"loc":{"start":{"line":81,"column":23},"end":{"line":81,"column":66}},"line":81},"12":{"name":"(anonymous_12)","decl":{"start":{"line":86,"column":13},"end":{"line":86,"column":14}},"loc":{"start":{"line":86,"column":28},"end":{"line":107,"column":7}},"line":86},"13":{"name":"(anonymous_13)","decl":{"start":{"line":112,"column":13},"end":{"line":112,"column":14}},"loc":{"start":{"line":112,"column":23},"end":{"line":115,"column":7}},"line":112},"14":{"name":"(anonymous_14)","decl":{"start":{"line":120,"column":13},"end":{"line":120,"column":14}},"loc":{"start":{"line":120,"column":26},"end":{"line":146,"column":7}},"line":120},"15":{"name":"(anonymous_15)","decl":{"start":{"line":151,"column":13},"end":{"line":151,"column":14}},"loc":{"start":{"line":151,"column":23},"end":{"line":151,"column":57}},"line":151},"16":{"name":"(anonymous_16)","decl":{"start":{"line":156,"column":13},"end":{"line":156,"column":14}},"loc":{"start":{"line":156,"column":23},"end":{"line":156,"column":72}},"line":156}},"branchMap":{"0":{"loc":{"start":{"line":7,"column":37},"end":{"line":7,"column":78}},"type":"cond-expr","locations":[{"start":{"line":7,"column":46},"end":{"line":7,"column":49}},{"start":{"line":7,"column":53},"end":{"line":7,"column":77}}],"line":7},"1":{"loc":{"start":{"line":7,"column":53},"end":{"line":7,"column":77}},"type":"cond-expr","locations":[{"start":{"line":7,"column":67},"end":{"line":7,"column":71}},{"start":{"line":7,"column":74},"end":{"line":7,"column":77}}],"line":7},"2":{"loc":{"start":{"line":21,"column":33},"end":{"line":21,"column":68}},"type":"binary-expr","locations":[{"start":{"line":21,"column":33},"end":{"line":21,"column":43}},{"start":{"line":21,"column":47},"end":{"line":21,"column":68}}],"line":21},"3":{"loc":{"start":{"line":53,"column":18},"end":{"line":53,"column":92}},"type":"binary-expr","locations":[{"start":{"line":53,"column":18},"end":{"line":53,"column":72}},{"start":{"line":53,"column":76},"end":{"line":53,"column":92}}],"line":53},"4":{"loc":{"start":{"line":61,"column":8},"end":{"line":67,"column":9}},"type":"if","locations":[{"start":{"line":61,"column":8},"end":{"line":67,"column":9}},{"start":{"line":61,"column":8},"end":{"line":67,"column":9}}],"line":61},"5":{"loc":{"start":{"line":65,"column":20},"end":{"line":65,"column":72}},"type":"binary-expr","locations":[{"start":{"line":65,"column":20},"end":{"line":65,"column":38}},{"start":{"line":65,"column":42},"end":{"line":65,"column":72}}],"line":65},"6":{"loc":{"start":{"line":89,"column":8},"end":{"line":104,"column":9}},"type":"if","locations":[{"start":{"line":89,"column":8},"end":{"line":104,"column":9}},{"start":{"line":89,"column":8},"end":{"line":104,"column":9}}],"line":89},"7":{"loc":{"start":{"line":89,"column":12},"end":{"line":89,"column":59}},"type":"binary-expr","locations":[{"start":{"line":89,"column":12},"end":{"line":89,"column":38}},{"start":{"line":89,"column":42},"end":{"line":89,"column":59}}],"line":89},"8":{"loc":{"start":{"line":91,"column":15},"end":{"line":104,"column":9}},"type":"if","locations":[{"start":{"line":91,"column":15},"end":{"line":104,"column":9}},{"start":{"line":91,"column":15},"end":{"line":104,"column":9}}],"line":91},"9":{"loc":{"start":{"line":93,"column":15},"end":{"line":104,"column":9}},"type":"if","locations":[{"start":{"line":93,"column":15},"end":{"line":104,"column":9}},{"start":{"line":93,"column":15},"end":{"line":104,"column":9}}],"line":93},"10":{"loc":{"start":{"line":95,"column":15},"end":{"line":104,"column":9}},"type":"if","locations":[{"start":{"line":95,"column":15},"end":{"line":104,"column":9}},{"start":{"line":95,"column":15},"end":{"line":104,"column":9}}],"line":95},"11":{"loc":{"start":{"line":97,"column":15},"end":{"line":104,"column":9}},"type":"if","locations":[{"start":{"line":97,"column":15},"end":{"line":104,"column":9}},{"start":{"line":97,"column":15},"end":{"line":104,"column":9}}],"line":97},"12":{"loc":{"start":{"line":113,"column":18},"end":{"line":113,"column":80}},"type":"binary-expr","locations":[{"start":{"line":113,"column":18},"end":{"line":113,"column":30}},{"start":{"line":113,"column":34},"end":{"line":113,"column":46}},{"start":{"line":113,"column":50},"end":{"line":113,"column":80}}],"line":113},"13":{"loc":{"start":{"line":129,"column":8},"end":{"line":143,"column":9}},"type":"if","locations":[{"start":{"line":129,"column":8},"end":{"line":143,"column":9}},{"start":{"line":129,"column":8},"end":{"line":143,"column":9}}],"line":129},"14":{"loc":{"start":{"line":129,"column":12},"end":{"line":129,"column":33}},"type":"binary-expr","locations":[{"start":{"line":129,"column":12},"end":{"line":129,"column":19}},{"start":{"line":129,"column":23},"end":{"line":129,"column":33}}],"line":129},"15":{"loc":{"start":{"line":131,"column":15},"end":{"line":143,"column":9}},"type":"if","locations":[{"start":{"line":131,"column":15},"end":{"line":143,"column":9}},{"start":{"line":131,"column":15},"end":{"line":143,"column":9}}],"line":131},"16":{"loc":{"start":{"line":131,"column":19},"end":{"line":131,"column":40}},"type":"binary-expr","locations":[{"start":{"line":131,"column":19},"end":{"line":131,"column":26}},{"start":{"line":131,"column":30},"end":{"line":131,"column":40}}],"line":131},"17":{"loc":{"start":{"line":133,"column":15},"end":{"line":143,"column":9}},"type":"if","locations":[{"start":{"line":133,"column":15},"end":{"line":143,"column":9}},{"start":{"line":133,"column":15},"end":{"line":143,"column":9}}],"line":133},"18":{"loc":{"start":{"line":133,"column":19},"end":{"line":133,"column":40}},"type":"binary-expr","locations":[{"start":{"line":133,"column":19},"end":{"line":133,"column":26}},{"start":{"line":133,"column":30},"end":{"line":133,"column":40}}],"line":133},"19":{"loc":{"start":{"line":135,"column":15},"end":{"line":143,"column":9}},"type":"if","locations":[{"start":{"line":135,"column":15},"end":{"line":143,"column":9}},{"start":{"line":135,"column":15},"end":{"line":143,"column":9}}],"line":135},"20":{"loc":{"start":{"line":135,"column":19},"end":{"line":135,"column":40}},"type":"binary-expr","locations":[{"start":{"line":135,"column":19},"end":{"line":135,"column":26}},{"start":{"line":135,"column":30},"end":{"line":135,"column":40}}],"line":135},"21":{"loc":{"start":{"line":137,"column":15},"end":{"line":143,"column":9}},"type":"if","locations":[{"start":{"line":137,"column":15},"end":{"line":143,"column":9}},{"start":{"line":137,"column":15},"end":{"line":143,"column":9}}],"line":137},"22":{"loc":{"start":{"line":137,"column":19},"end":{"line":137,"column":40}},"type":"binary-expr","locations":[{"start":{"line":137,"column":19},"end":{"line":137,"column":26}},{"start":{"line":137,"column":30},"end":{"line":137,"column":40}}],"line":137},"23":{"loc":{"start":{"line":139,"column":15},"end":{"line":143,"column":9}},"type":"if","locations":[{"start":{"line":139,"column":15},"end":{"line":143,"column":9}},{"start":{"line":139,"column":15},"end":{"line":143,"column":9}}],"line":139},"24":{"loc":{"start":{"line":139,"column":19},"end":{"line":139,"column":40}},"type":"binary-expr","locations":[{"start":{"line":139,"column":19},"end":{"line":139,"column":21}},{"start":{"line":139,"column":25},"end":{"line":139,"column":26}},{"start":{"line":139,"column":30},"end":{"line":139,"column":40}}],"line":139},"25":{"loc":{"start":{"line":156,"column":33},"end":{"line":156,"column":68}},"type":"binary-expr","locations":[{"start":{"line":156,"column":33},"end":{"line":156,"column":50}},{"start":{"line":156,"column":54},"end":{"line":156,"column":68}}],"line":156}},"s":{"0":1,"1":1,"2":0,"3":1,"4":0,"5":0,"6":0,"7":0,"8":0,"9":0,"10":0,"11":0,"12":0,"13":0,"14":0,"15":0,"16":0,"17":0,"18":0,"19":0,"20":0,"21":0,"22":0,"23":0,"24":0,"25":0,"26":0,"27":0,"28":0,"29":0,"30":0,"31":0,"32":0,"33":0,"34":0,"35":0,"36":0,"37":0,"38":0,"39":0,"40":0,"41":0,"42":0,"43":0,"44":0,"45":0,"46":0,"47":0,"48":0,"49":0,"50":0,"51":0,"52":0,"53":0,"54":0,"55":0,"56":0,"57":0,"58":0,"59":0,"60":0,"61":1,"62":1},"f":{"0":1,"1":0,"2":0,"3":0,"4":0,"5":0,"6":0,"7":0,"8":0,"9":0,"10":0,"11":0,"12":0,"13":0,"14":0,"15":0,"16":0},"b":{"0":[0,0],"1":[0,0],"2":[0,0],"3":[0,0],"4":[0,0],"5":[0,0],"6":[0,0],"7":[0,0],"8":[0,0],"9":[0,0],"10":[0,0],"11":[0,0],"12":[0,0,0],"13":[0,0],"14":[0,0],"15":[0,0],"16":[0,0],"17":[0,0],"18":[0,0],"19":[0,0],"20":[0,0],"21":[0,0],"22":[0,0],"23":[0,0],"24":[0,0,0],"25":[0,0]},"_coverageSchema":"332fd63041d2c1bcb487cc26dd0d5f7d97098a6c","hash":"be4599d9cb14c6121f5d5e985365be758d961af3"}
,"/Users/norman/development/2018/dec/fns/test/config/jest.setup.js": {"path":"/Users/norman/development/2018/dec/fns/test/config/jest.setup.js","statementMap":{"0":{"start":{"line":3,"column":0},"end":{"line":3,"column":25}},"1":{"start":{"line":4,"column":0},"end":{"line":4,"column":22}},"2":{"start":{"line":6,"column":0},"end":{"line":8,"column":3}},"3":{"start":{"line":7,"column":2},"end":{"line":7,"column":65}},"4":{"start":{"line":10,"column":0},"end":{"line":12,"column":3}},"5":{"start":{"line":11,"column":2},"end":{"line":11,"column":64}},"6":{"start":{"line":14,"column":0},"end":{"line":14,"column":18}}},"fnMap":{"0":{"name":"(anonymous_0)","decl":{"start":{"line":6,"column":33},"end":{"line":6,"column":34}},"loc":{"start":{"line":6,"column":40},"end":{"line":8,"column":1}},"line":6},"1":{"name":"(anonymous_1)","decl":{"start":{"line":10,"column":32},"end":{"line":10,"column":33}},"loc":{"start":{"line":10,"column":39},"end":{"line":12,"column":1}},"line":10}},"branchMap":{},"s":{"0":2,"1":2,"2":2,"3":0,"4":2,"5":0,"6":2},"f":{"0":0,"1":0},"b":{},"_coverageSchema":"332fd63041d2c1bcb487cc26dd0d5f7d97098a6c","hash":"e9eeb87d6c35dfbde2913701fad97953790ef228"}
}
