TN:
SF:/Users/norman/development/2018/dec/fns/lib/errors.js
FN:3,isObject
FN:19,(anonymous_1)
FN:39,(anonymous_2)
FN:60,(anonymous_3)
FN:80,(anonymous_4)
FN:100,(anonymous_5)
FN:121,(anonymous_6)
FN:142,(anonymous_7)
FNF:8
FNH:8
FNDA:32,isObject
FNDA:14,(anonymous_1)
FNDA:6,(anonymous_2)
FNDA:4,(anonymous_3)
FNDA:2,(anonymous_4)
FNDA:2,(anonymous_5)
FNDA:2,(anonymous_6)
FNDA:2,(anonymous_7)
DA:4,32
DA:5,16
DA:7,16
DA:8,16
DA:20,14
DA:21,14
DA:22,14
DA:23,14
DA:24,7
DA:25,7
DA:28,14
DA:40,6
DA:41,6
DA:42,6
DA:43,6
DA:44,3
DA:45,3
DA:48,6
DA:61,4
DA:62,4
DA:63,4
DA:64,4
DA:65,2
DA:66,2
DA:69,4
DA:81,2
DA:82,2
DA:83,2
DA:84,2
DA:85,1
DA:86,1
DA:89,2
DA:101,2
DA:102,2
DA:103,2
DA:104,2
DA:105,1
DA:106,1
DA:109,2
DA:122,2
DA:123,2
DA:124,2
DA:125,2
DA:126,1
DA:127,1
DA:130,2
DA:143,2
DA:144,2
DA:145,2
DA:146,2
DA:147,1
DA:148,1
DA:151,2
DA:155,1
DA:156,1
DA:157,1
DA:158,1
DA:159,1
DA:160,1
DA:161,1
LF:60
LH:60
BRDA:4,0,0,16
BRDA:4,0,1,16
BRDA:8,1,0,16
BRDA:8,1,1,16
BRDA:23,2,0,7
BRDA:23,2,1,7
BRDA:43,3,0,3
BRDA:43,3,1,3
BRDA:64,4,0,2
BRDA:64,4,1,2
BRDA:84,5,0,1
BRDA:84,5,1,1
BRDA:104,6,0,1
BRDA:104,6,1,1
BRDA:125,7,0,1
BRDA:125,7,1,1
BRDA:146,8,0,1
BRDA:146,8,1,1
BRF:18
BRH:18
end_of_record
TN:
SF:/Users/norman/development/2018/dec/fns/lib/is.js
FN:1,Is
FN:7,(anonymous_1)
FN:24,(anonymous_2)
FN:32,(anonymous_3)
FN:37,(anonymous_4)
FN:42,(anonymous_5)
FN:47,(anonymous_6)
FN:52,(anonymous_7)
FN:59,(anonymous_8)
FN:67,(anonymous_9)
FN:80,(anonymous_10)
FN:88,(anonymous_11)
FN:93,(anonymous_12)
FN:125,(anonymous_13)
FN:150,(anonymous_14)
FN:155,(anonymous_15)
FNF:16
FNH:16
FNDA:1,Is
FNDA:578,(anonymous_1)
FNDA:204,(anonymous_2)
FNDA:36,(anonymous_3)
FNDA:72,(anonymous_4)
FNDA:46,(anonymous_5)
FNDA:26,(anonymous_6)
FNDA:60,(anonymous_7)
FNDA:52,(anonymous_8)
FNDA:46,(anonymous_9)
FNDA:62,(anonymous_10)
FNDA:28,(anonymous_11)
FNDA:36,(anonymous_12)
FNDA:42,(anonymous_13)
FNDA:36,(anonymous_14)
FNDA:36,(anonymous_15)
DA:2,1
DA:7,1
DA:8,578
DA:9,170
DA:11,408
DA:12,204
DA:13,204
DA:15,204
DA:20,1
DA:25,204
DA:26,204
DA:32,36
DA:37,72
DA:42,46
DA:47,26
DA:53,60
DA:60,52
DA:61,52
DA:68,46
DA:69,42
DA:71,4
DA:72,4
DA:73,4
DA:81,62
DA:82,62
DA:88,28
DA:96,36
DA:97,2
DA:98,2
DA:101,34
DA:102,8
DA:103,8
DA:104,8
DA:105,8
DA:106,8
DA:109,26
DA:110,6
DA:111,20
DA:112,2
DA:113,18
DA:114,6
DA:116,12
DA:119,26
DA:126,42
DA:135,42
DA:136,194
DA:137,10
DA:138,10
DA:140,184
DA:144,42
DA:150,36
DA:156,36
DA:157,10
DA:159,2
DA:162,8
DA:166,10
DA:167,2
DA:169,8
DA:172,26
DA:178,1
DA:181,1
LF:61
LH:61
BRDA:8,0,0,170
BRDA:8,0,1,408
BRDA:11,1,0,204
BRDA:11,1,1,204
BRDA:32,2,0,36
BRDA:32,2,1,2
BRDA:53,3,0,60
BRDA:53,3,1,48
BRDA:60,4,0,52
BRDA:60,4,1,44
BRDA:68,5,0,42
BRDA:68,5,1,4
BRDA:72,6,0,4
BRDA:72,6,1,4
BRDA:96,7,0,2
BRDA:96,7,1,34
BRDA:96,8,0,36
BRDA:96,8,1,34
BRDA:101,9,0,8
BRDA:101,9,1,26
BRDA:109,10,0,6
BRDA:109,10,1,20
BRDA:111,11,0,2
BRDA:111,11,1,18
BRDA:113,12,0,6
BRDA:113,12,1,12
BRDA:136,13,0,10
BRDA:136,13,1,184
BRDA:156,14,0,10
BRDA:156,14,1,26
BRDA:157,15,0,2
BRDA:157,15,1,8
BRDA:166,16,0,2
BRDA:166,16,1,8
BRF:34
BRH:34
end_of_record
TN:
SF:/Users/norman/development/2018/dec/fns/lib/promises.js
FN:1,(anonymous_0)
FN:2,(anonymous_1)
FN:2,(anonymous_2)
FN:3,(anonymous_3)
FN:8,(anonymous_4)
FNF:5
FNH:0
FNDA:0,(anonymous_0)
FNDA:0,(anonymous_1)
FNDA:0,(anonymous_2)
FNDA:0,(anonymous_3)
FNDA:0,(anonymous_4)
DA:1,0
DA:2,0
DA:4,0
DA:5,0
DA:8,0
DA:10,0
DA:11,0
DA:14,0
DA:17,0
DA:18,0
DA:20,0
LF:11
LH:0
BRDA:4,0,0,0
BRDA:4,0,1,0
BRDA:10,1,0,0
BRDA:10,1,1,0
BRDA:17,2,0,0
BRDA:17,2,1,0
BRF:6
BRH:0
end_of_record
TN:
SF:/Users/norman/development/2018/dec/fns/lib/to.js
FN:1,To
FN:7,value
FNF:2
FNH:0
FNDA:0,To
FNDA:0,value
DA:2,0
DA:8,0
DA:9,0
DA:11,0
DA:16,0
DA:19,0
LF:6
LH:0
BRDA:8,0,0,0
BRDA:8,0,1,0
BRDA:8,1,0,0
BRDA:8,1,1,0
BRF:4
BRH:0
end_of_record
TN:
SF:/Users/norman/development/2018/dec/fns/lib/various.js
FN:1,(anonymous_0)
FNF:1
FNH:0
FNDA:0,(anonymous_0)
DA:1,0
DA:2,0
DA:4,0
DA:5,0
DA:6,0
DA:10,0
LF:6
LH:0
BRDA:5,0,0,0
BRDA:5,0,1,0
BRF:2
BRH:0
end_of_record
