TN:
SF:/Users/norman/development/2018/dec/fns/lib/errors.js
FN:3,isObject
FN:19,(anonymous_1)
FN:39,(anonymous_2)
FN:60,(anonymous_3)
FN:80,(anonymous_4)
FN:100,(anonymous_5)
FN:121,(anonymous_6)
FN:142,(anonymous_7)
FNF:8
FNH:8
FNDA:32,isObject
FNDA:14,(anonymous_1)
FNDA:6,(anonymous_2)
FNDA:4,(anonymous_3)
FNDA:2,(anonymous_4)
FNDA:2,(anonymous_5)
FNDA:2,(anonymous_6)
FNDA:2,(anonymous_7)
DA:4,32
DA:5,16
DA:7,16
DA:8,16
DA:20,14
DA:21,14
DA:22,14
DA:23,14
DA:24,7
DA:25,7
DA:28,14
DA:40,6
DA:41,6
DA:42,6
DA:43,6
DA:44,3
DA:45,3
DA:48,6
DA:61,4
DA:62,4
DA:63,4
DA:64,4
DA:65,2
DA:66,2
DA:69,4
DA:81,2
DA:82,2
DA:83,2
DA:84,2
DA:85,1
DA:86,1
DA:89,2
DA:101,2
DA:102,2
DA:103,2
DA:104,2
DA:105,1
DA:106,1
DA:109,2
DA:122,2
DA:123,2
DA:124,2
DA:125,2
DA:126,1
DA:127,1
DA:130,2
DA:143,2
DA:144,2
DA:145,2
DA:146,2
DA:147,1
DA:148,1
DA:151,2
DA:155,1
DA:156,1
DA:157,1
DA:158,1
DA:159,1
DA:160,1
DA:161,1
LF:60
LH:60
BRDA:4,0,0,16
BRDA:4,0,1,16
BRDA:8,1,0,16
BRDA:8,1,1,16
BRDA:23,2,0,7
BRDA:23,2,1,7
BRDA:43,3,0,3
BRDA:43,3,1,3
BRDA:64,4,0,2
BRDA:64,4,1,2
BRDA:84,5,0,1
BRDA:84,5,1,1
BRDA:104,6,0,1
BRDA:104,6,1,1
BRDA:125,7,0,1
BRDA:125,7,1,1
BRDA:146,8,0,1
BRDA:146,8,1,1
BRF:18
BRH:18
end_of_record
TN:
SF:/Users/norman/development/2018/dec/fns/lib/is.js
FN:1,Is
FN:7,(anonymous_1)
FN:13,(anonymous_2)
FN:21,(anonymous_3)
FN:26,(anonymous_4)
FN:31,(anonymous_5)
FN:36,(anonymous_6)
FN:47,(anonymous_7)
FN:52,(anonymous_8)
FN:60,(anonymous_9)
FN:73,(anonymous_10)
FN:81,(anonymous_11)
FN:86,(anonymous_12)
FN:112,(anonymous_13)
FN:120,(anonymous_14)
FN:151,(anonymous_15)
FN:156,(anonymous_16)
FNF:17
FNH:1
FNDA:1,Is
FNDA:0,(anonymous_1)
FNDA:0,(anonymous_2)
FNDA:0,(anonymous_3)
FNDA:0,(anonymous_4)
FNDA:0,(anonymous_5)
FNDA:0,(anonymous_6)
FNDA:0,(anonymous_7)
FNDA:0,(anonymous_8)
FNDA:0,(anonymous_9)
FNDA:0,(anonymous_10)
FNDA:0,(anonymous_11)
FNDA:0,(anonymous_12)
FNDA:0,(anonymous_13)
FNDA:0,(anonymous_14)
FNDA:0,(anonymous_15)
FNDA:0,(anonymous_16)
DA:2,1
DA:7,1
DA:9,1
DA:14,0
DA:15,0
DA:21,0
DA:26,0
DA:31,0
DA:37,0
DA:38,0
DA:40,0
DA:47,0
DA:53,0
DA:54,0
DA:61,0
DA:62,0
DA:64,0
DA:65,0
DA:66,0
DA:74,0
DA:75,0
DA:81,0
DA:89,0
DA:90,0
DA:91,0
DA:92,0
DA:93,0
DA:94,0
DA:95,0
DA:96,0
DA:97,0
DA:98,0
DA:99,0
DA:100,0
DA:101,0
DA:103,0
DA:106,0
DA:113,0
DA:114,0
DA:123,0
DA:124,0
DA:125,0
DA:126,0
DA:127,0
DA:129,0
DA:130,0
DA:131,0
DA:132,0
DA:133,0
DA:134,0
DA:135,0
DA:136,0
DA:137,0
DA:138,0
DA:139,0
DA:140,0
DA:142,0
DA:145,0
DA:151,0
DA:156,0
DA:160,1
DA:163,1
LF:62
LH:5
BRDA:7,0,0,0
BRDA:7,0,1,0
BRDA:7,1,0,0
BRDA:7,1,1,0
BRDA:21,2,0,0
BRDA:21,2,1,0
BRDA:53,3,0,0
BRDA:53,3,1,0
BRDA:61,4,0,0
BRDA:61,4,1,0
BRDA:65,5,0,0
BRDA:65,5,1,0
BRDA:89,6,0,0
BRDA:89,6,1,0
BRDA:89,7,0,0
BRDA:89,7,1,0
BRDA:91,8,0,0
BRDA:91,8,1,0
BRDA:93,9,0,0
BRDA:93,9,1,0
BRDA:95,10,0,0
BRDA:95,10,1,0
BRDA:97,11,0,0
BRDA:97,11,1,0
BRDA:113,12,0,0
BRDA:113,12,1,0
BRDA:113,12,2,0
BRDA:129,13,0,0
BRDA:129,13,1,0
BRDA:129,14,0,0
BRDA:129,14,1,0
BRDA:131,15,0,0
BRDA:131,15,1,0
BRDA:131,16,0,0
BRDA:131,16,1,0
BRDA:133,17,0,0
BRDA:133,17,1,0
BRDA:133,18,0,0
BRDA:133,18,1,0
BRDA:135,19,0,0
BRDA:135,19,1,0
BRDA:135,20,0,0
BRDA:135,20,1,0
BRDA:137,21,0,0
BRDA:137,21,1,0
BRDA:137,22,0,0
BRDA:137,22,1,0
BRDA:139,23,0,0
BRDA:139,23,1,0
BRDA:139,24,0,0
BRDA:139,24,1,0
BRDA:139,24,2,0
BRDA:156,25,0,0
BRDA:156,25,1,0
BRF:54
BRH:0
end_of_record
TN:
SF:/Users/norman/development/2018/dec/fns/test/config/jest.setup.js
FN:6,(anonymous_0)
FN:10,(anonymous_1)
FNF:2
FNH:0
FNDA:0,(anonymous_0)
FNDA:0,(anonymous_1)
DA:3,2
DA:4,2
DA:6,2
DA:7,0
DA:10,2
DA:11,0
DA:14,2
LF:7
LH:5
BRF:0
BRH:0
end_of_record
